<?xml version="1.0" encoding="UTF-8"?>
<!-- Generated by org.testng.reporters.JUnitReportReporter -->
<testsuite hostname="DESKTOP-U4PNQ1N" failures="0" tests="3" name="Testng.Demo" time="0.023" errors="0" timestamp="2023-06-16T20:27:08 IST" skipped="0">
  <testcase classname="Testng.Demo" name="createAccount" time="0.012"/>
  <system-out/>
  <testcase classname="Testng.Demo" name="modifyAccount" time="0.008"/>
  <system-out/>
  <testcase classname="Testng.Demo" name="modifyvaluee" time="0.003"/>
  <system-out/>
</testsuite> <!-- Testng.Demo -->
