<?xml version="1.0" encoding="UTF-8"?>
<!-- Generated by org.testng.reporters.JUnitReportReporter -->
<testsuite hostname="DESKTOP-U4PNQ1N" failures="0" tests="2" name="Testng.DataProviderMyself" time="9.335" errors="0" timestamp="2023-07-21T23:03:07 IST" skipped="0">
  <testcase classname="Testng.DataProviderMyself" name="openBrower" time="3.386"/>
  <system-out/>
  <testcase classname="Testng.DataProviderMyself" name="openBrower" time="5.949"/>
  <system-out/>
</testsuite> <!-- Testng.DataProviderMyself -->
