<?xml version="1.0" encoding="UTF-8"?>
<!-- Generated by org.testng.reporters.JUnitReportReporter -->
<testsuite hostname="DESKTOP-U4PNQ1N" failures="0" tests="2" name="Testng.DataProviderPractice" time="8.700" errors="0" timestamp="2023-07-20T01:01:41 IST" skipped="0">
  <testcase classname="Testng.DataProviderPractice" name="testURL" time="3.598"/>
  <system-out/>
  <testcase classname="Testng.DataProviderPractice" name="aesting" time="5.102"/>
  <system-out/>
</testsuite> <!-- Testng.DataProviderPractice -->
